<?xml version="1.0" encoding="UTF-8"?>
<testsuite name="AnimalTest" tests="11" skipped="0" failures="0" errors="0" timestamp="2018-03-16T10:30:28" hostname="Govert-PC" time="0.004">
  <properties/>
  <testcase name="testIsKindNull" classname="AnimalTest" time="0.002"/>
  <testcase name="testAnimalEmptyKind" classname="AnimalTest" time="0.0"/>
  <testcase name="testAnimalEmptyName" classname="AnimalTest" time="0.0"/>
  <testcase name="testIsAnimalNull" classname="AnimalTest" time="0.0"/>
  <testcase name="testAnimalNullKind" classname="AnimalTest" time="0.001"/>
  <testcase name="testAnimalNullName" classname="AnimalTest" time="0.0"/>
  <testcase name="testAnimalToOld" classname="AnimalTest" time="0.0"/>
  <testcase name="testIsKindEmpty" classname="AnimalTest" time="0.0"/>
  <testcase name="testAnimal" classname="AnimalTest" time="0.001"/>
  <testcase name="testIsAnimalEmpty" classname="AnimalTest" time="0.0"/>
  <testcase name="testAnimalToYoung" classname="AnimalTest" time="0.0"/>
  <system-out><![CDATA[]]></system-out>
  <system-err><![CDATA[]]></system-err>
</testsuite>
